[2023-06-02 22:45:50,080][tensorflow][INFO] - Unsupported signature for serialization: ((TensorSpec(shape=(3, 3, 3, 32), dtype=tf.float32, name='gradient'), <tensorflow.python.framework.func_graph.UnknownArgument object at 0x7f9ca4e0b4f0>, 140310758778800), {}).
[2023-06-02 22:45:50,080][tensorflow][INFO] - Unsupported signature for serialization: ((TensorSpec(shape=(32,), dtype=tf.float32, name='gradient'), <tensorflow.python.framework.func_graph.UnknownArgument object at 0x7f9ca4e3f460>, 140310758467504), {}).
[2023-06-02 22:45:50,080][tensorflow][INFO] - Unsupported signature for serialization: ((TensorSpec(shape=(3, 3, 32, 64), dtype=tf.float32, name='gradient'), <tensorflow.python.framework.func_graph.UnknownArgument object at 0x7f9ca4dc18e0>, 140310758501232), {}).
[2023-06-02 22:45:50,080][tensorflow][INFO] - Unsupported signature for serialization: ((TensorSpec(shape=(64,), dtype=tf.float32, name='gradient'), <tensorflow.python.framework.func_graph.UnknownArgument object at 0x7f9ca4dda8b0>, 140310758501072), {}).
[2023-06-02 22:45:50,080][tensorflow][INFO] - Unsupported signature for serialization: ((TensorSpec(shape=(3, 3, 64, 128), dtype=tf.float32, name='gradient'), <tensorflow.python.framework.func_graph.UnknownArgument object at 0x7f9ca4dfc910>, 140310758531920), {}).
[2023-06-02 22:45:50,080][tensorflow][INFO] - Unsupported signature for serialization: ((TensorSpec(shape=(128,), dtype=tf.float32, name='gradient'), <tensorflow.python.framework.func_graph.UnknownArgument object at 0x7f9ca4d92850>, 140310758532320), {}).
[2023-06-02 22:45:50,080][tensorflow][INFO] - Unsupported signature for serialization: ((TensorSpec(shape=(3, 3, 128, 128), dtype=tf.float32, name='gradient'), <tensorflow.python.framework.func_graph.UnknownArgument object at 0x7f9ca4da6730>, 140310758037024), {}).
[2023-06-02 22:45:50,081][tensorflow][INFO] - Unsupported signature for serialization: ((TensorSpec(shape=(128,), dtype=tf.float32, name='gradient'), <tensorflow.python.framework.func_graph.UnknownArgument object at 0x7f9ca4dbe670>, 140310758036864), {}).
[2023-06-02 22:45:50,081][tensorflow][INFO] - Unsupported signature for serialization: ((TensorSpec(shape=(10368, 512), dtype=tf.float32, name='gradient'), <tensorflow.python.framework.func_graph.UnknownArgument object at 0x7f9ca4d55550>, 140310758035584), {}).
[2023-06-02 22:45:50,081][tensorflow][INFO] - Unsupported signature for serialization: ((TensorSpec(shape=(512,), dtype=tf.float32, name='gradient'), <tensorflow.python.framework.func_graph.UnknownArgument object at 0x7f9ca4d69490>, 140310758058864), {}).
[2023-06-02 22:45:50,081][tensorflow][INFO] - Unsupported signature for serialization: ((TensorSpec(shape=(512, 151), dtype=tf.float32, name='gradient'), <tensorflow.python.framework.func_graph.UnknownArgument object at 0x7f9ca4d7c370>, 140310758532720), {}).
[2023-06-02 22:45:50,081][tensorflow][INFO] - Unsupported signature for serialization: ((TensorSpec(shape=(151,), dtype=tf.float32, name='gradient'), <tensorflow.python.framework.func_graph.UnknownArgument object at 0x7f9ca4d102e0>, 140310758502032), {}).
[2023-06-02 22:45:50,271][tensorflow][INFO] - Unsupported signature for serialization: ((TensorSpec(shape=(3, 3, 3, 32), dtype=tf.float32, name='gradient'), <tensorflow.python.framework.func_graph.UnknownArgument object at 0x7f9ca4e0b4f0>, 140310758778800), {}).
[2023-06-02 22:45:50,272][tensorflow][INFO] - Unsupported signature for serialization: ((TensorSpec(shape=(32,), dtype=tf.float32, name='gradient'), <tensorflow.python.framework.func_graph.UnknownArgument object at 0x7f9ca4e3f460>, 140310758467504), {}).
[2023-06-02 22:45:50,272][tensorflow][INFO] - Unsupported signature for serialization: ((TensorSpec(shape=(3, 3, 32, 64), dtype=tf.float32, name='gradient'), <tensorflow.python.framework.func_graph.UnknownArgument object at 0x7f9ca4dc18e0>, 140310758501232), {}).
[2023-06-02 22:45:50,272][tensorflow][INFO] - Unsupported signature for serialization: ((TensorSpec(shape=(64,), dtype=tf.float32, name='gradient'), <tensorflow.python.framework.func_graph.UnknownArgument object at 0x7f9ca4dda8b0>, 140310758501072), {}).
[2023-06-02 22:45:50,272][tensorflow][INFO] - Unsupported signature for serialization: ((TensorSpec(shape=(3, 3, 64, 128), dtype=tf.float32, name='gradient'), <tensorflow.python.framework.func_graph.UnknownArgument object at 0x7f9ca4dfc910>, 140310758531920), {}).
[2023-06-02 22:45:50,272][tensorflow][INFO] - Unsupported signature for serialization: ((TensorSpec(shape=(128,), dtype=tf.float32, name='gradient'), <tensorflow.python.framework.func_graph.UnknownArgument object at 0x7f9ca4d92850>, 140310758532320), {}).
[2023-06-02 22:45:50,272][tensorflow][INFO] - Unsupported signature for serialization: ((TensorSpec(shape=(3, 3, 128, 128), dtype=tf.float32, name='gradient'), <tensorflow.python.framework.func_graph.UnknownArgument object at 0x7f9ca4da6730>, 140310758037024), {}).
[2023-06-02 22:45:50,272][tensorflow][INFO] - Unsupported signature for serialization: ((TensorSpec(shape=(128,), dtype=tf.float32, name='gradient'), <tensorflow.python.framework.func_graph.UnknownArgument object at 0x7f9ca4dbe670>, 140310758036864), {}).
[2023-06-02 22:45:50,273][tensorflow][INFO] - Unsupported signature for serialization: ((TensorSpec(shape=(10368, 512), dtype=tf.float32, name='gradient'), <tensorflow.python.framework.func_graph.UnknownArgument object at 0x7f9ca4d55550>, 140310758035584), {}).
[2023-06-02 22:45:50,273][tensorflow][INFO] - Unsupported signature for serialization: ((TensorSpec(shape=(512,), dtype=tf.float32, name='gradient'), <tensorflow.python.framework.func_graph.UnknownArgument object at 0x7f9ca4d69490>, 140310758058864), {}).
[2023-06-02 22:45:50,273][tensorflow][INFO] - Unsupported signature for serialization: ((TensorSpec(shape=(512, 151), dtype=tf.float32, name='gradient'), <tensorflow.python.framework.func_graph.UnknownArgument object at 0x7f9ca4d7c370>, 140310758532720), {}).
[2023-06-02 22:45:50,273][tensorflow][INFO] - Unsupported signature for serialization: ((TensorSpec(shape=(151,), dtype=tf.float32, name='gradient'), <tensorflow.python.framework.func_graph.UnknownArgument object at 0x7f9ca4d102e0>, 140310758502032), {}).
[2023-06-02 22:45:50,410][absl][WARNING] - Found untraced functions such as _jit_compiled_convolution_op, _jit_compiled_convolution_op, _jit_compiled_convolution_op, _jit_compiled_convolution_op, _update_step_xla while saving (showing 5 of 5). These functions will not be directly callable after loading.
[2023-06-02 22:45:51,016][tensorflow][INFO] - Assets written to: /tmp/tmpajisyjri/model/data/model/assets
[2023-06-02 22:46:05,022][root][INFO] - creating /home/alaeddine/Desktop/mlps-project/mlruns/0/32e70603349d46f6be91f80e5618d7ec/artifacts/model/data
[2023-06-02 22:46:05,023][root][INFO] - creating /home/alaeddine/Desktop/mlps-project/mlruns/0/32e70603349d46f6be91f80e5618d7ec/artifacts/model/data/model
[2023-06-02 22:46:05,024][root][INFO] - creating /home/alaeddine/Desktop/mlps-project/mlruns/0/32e70603349d46f6be91f80e5618d7ec/artifacts/model/data/model/variables
[2023-06-02 22:46:05,089][root][INFO] - creating /home/alaeddine/Desktop/mlps-project/mlruns/0/32e70603349d46f6be91f80e5618d7ec/artifacts/model/data/model/assets
[2023-06-02 22:46:05,106][root][INFO] - creating /home/alaeddine/Desktop/mlps-project/mlruns/0/32e70603349d46f6be91f80e5618d7ec/artifacts/tensorboard_logs/train
[2023-06-02 22:46:05,107][root][INFO] - creating /home/alaeddine/Desktop/mlps-project/mlruns/0/32e70603349d46f6be91f80e5618d7ec/artifacts/tensorboard_logs/validation
