[2023-05-31 12:33:20,389][tensorflow][WARNING] - Callback method `on_train_batch_end` is slow compared to the batch time (batch time: 0.0403s vs `on_train_batch_end` time: 0.0417s). Check your callbacks.
[2023-05-31 12:35:06,625][tensorflow][INFO] - Unsupported signature for serialization: ((TensorSpec(shape=(3, 3, 3, 32), dtype=tf.float32, name='gradient'), <tensorflow.python.framework.func_graph.UnknownArgument object at 0x7f9d99a31af0>, 140314864682448), {}).
[2023-05-31 12:35:06,625][tensorflow][INFO] - Unsupported signature for serialization: ((TensorSpec(shape=(32,), dtype=tf.float32, name='gradient'), <tensorflow.python.framework.func_graph.UnknownArgument object at 0x7f9d99988220>, 140314865031152), {}).
[2023-05-31 12:35:06,634][tensorflow][INFO] - Unsupported signature for serialization: ((TensorSpec(shape=(3, 3, 32, 64), dtype=tf.float32, name='gradient'), <tensorflow.python.framework.func_graph.UnknownArgument object at 0x7f9d999e9040>, 140314864337984), {}).
[2023-05-31 12:35:06,635][tensorflow][INFO] - Unsupported signature for serialization: ((TensorSpec(shape=(64,), dtype=tf.float32, name='gradient'), <tensorflow.python.framework.func_graph.UnknownArgument object at 0x7f9d99996070>, 140314864338304), {}).
[2023-05-31 12:35:06,635][tensorflow][INFO] - Unsupported signature for serialization: ((TensorSpec(shape=(3, 3, 64, 128), dtype=tf.float32, name='gradient'), <tensorflow.python.framework.func_graph.UnknownArgument object at 0x7f9d999a0f10>, 140314864384560), {}).
[2023-05-31 12:35:06,635][tensorflow][INFO] - Unsupported signature for serialization: ((TensorSpec(shape=(128,), dtype=tf.float32, name='gradient'), <tensorflow.python.framework.func_graph.UnknownArgument object at 0x7f9d999b5e50>, 140314864384480), {}).
[2023-05-31 12:35:06,635][tensorflow][INFO] - Unsupported signature for serialization: ((TensorSpec(shape=(3, 3, 128, 128), dtype=tf.float32, name='gradient'), <tensorflow.python.framework.func_graph.UnknownArgument object at 0x7f9d99946d30>, 140314864421264), {}).
[2023-05-31 12:35:06,635][tensorflow][INFO] - Unsupported signature for serialization: ((TensorSpec(shape=(128,), dtype=tf.float32, name='gradient'), <tensorflow.python.framework.func_graph.UnknownArgument object at 0x7f9d9995bc70>, 140314864421184), {}).
[2023-05-31 12:35:06,635][tensorflow][INFO] - Unsupported signature for serialization: ((TensorSpec(shape=(10368, 512), dtype=tf.float32, name='gradient'), <tensorflow.python.framework.func_graph.UnknownArgument object at 0x7f9d99970b50>, 140314864959040), {}).
[2023-05-31 12:35:06,635][tensorflow][INFO] - Unsupported signature for serialization: ((TensorSpec(shape=(512,), dtype=tf.float32, name='gradient'), <tensorflow.python.framework.func_graph.UnknownArgument object at 0x7f9d99903a90>, 140314864318896), {}).
[2023-05-31 12:35:06,635][tensorflow][INFO] - Unsupported signature for serialization: ((TensorSpec(shape=(512, 151), dtype=tf.float32, name='gradient'), <tensorflow.python.framework.func_graph.UnknownArgument object at 0x7f9d99917970>, 140314864957360), {}).
[2023-05-31 12:35:06,636][tensorflow][INFO] - Unsupported signature for serialization: ((TensorSpec(shape=(151,), dtype=tf.float32, name='gradient'), <tensorflow.python.framework.func_graph.UnknownArgument object at 0x7f9d9992b8e0>, 140314864957120), {}).
[2023-05-31 12:35:06,858][tensorflow][INFO] - Unsupported signature for serialization: ((TensorSpec(shape=(3, 3, 3, 32), dtype=tf.float32, name='gradient'), <tensorflow.python.framework.func_graph.UnknownArgument object at 0x7f9d99a31af0>, 140314864682448), {}).
[2023-05-31 12:35:06,858][tensorflow][INFO] - Unsupported signature for serialization: ((TensorSpec(shape=(32,), dtype=tf.float32, name='gradient'), <tensorflow.python.framework.func_graph.UnknownArgument object at 0x7f9d99988220>, 140314865031152), {}).
[2023-05-31 12:35:06,858][tensorflow][INFO] - Unsupported signature for serialization: ((TensorSpec(shape=(3, 3, 32, 64), dtype=tf.float32, name='gradient'), <tensorflow.python.framework.func_graph.UnknownArgument object at 0x7f9d999e9040>, 140314864337984), {}).
[2023-05-31 12:35:06,858][tensorflow][INFO] - Unsupported signature for serialization: ((TensorSpec(shape=(64,), dtype=tf.float32, name='gradient'), <tensorflow.python.framework.func_graph.UnknownArgument object at 0x7f9d99996070>, 140314864338304), {}).
[2023-05-31 12:35:06,858][tensorflow][INFO] - Unsupported signature for serialization: ((TensorSpec(shape=(3, 3, 64, 128), dtype=tf.float32, name='gradient'), <tensorflow.python.framework.func_graph.UnknownArgument object at 0x7f9d999a0f10>, 140314864384560), {}).
[2023-05-31 12:35:06,858][tensorflow][INFO] - Unsupported signature for serialization: ((TensorSpec(shape=(128,), dtype=tf.float32, name='gradient'), <tensorflow.python.framework.func_graph.UnknownArgument object at 0x7f9d999b5e50>, 140314864384480), {}).
[2023-05-31 12:35:06,858][tensorflow][INFO] - Unsupported signature for serialization: ((TensorSpec(shape=(3, 3, 128, 128), dtype=tf.float32, name='gradient'), <tensorflow.python.framework.func_graph.UnknownArgument object at 0x7f9d99946d30>, 140314864421264), {}).
[2023-05-31 12:35:06,859][tensorflow][INFO] - Unsupported signature for serialization: ((TensorSpec(shape=(128,), dtype=tf.float32, name='gradient'), <tensorflow.python.framework.func_graph.UnknownArgument object at 0x7f9d9995bc70>, 140314864421184), {}).
[2023-05-31 12:35:06,859][tensorflow][INFO] - Unsupported signature for serialization: ((TensorSpec(shape=(10368, 512), dtype=tf.float32, name='gradient'), <tensorflow.python.framework.func_graph.UnknownArgument object at 0x7f9d99970b50>, 140314864959040), {}).
[2023-05-31 12:35:06,859][tensorflow][INFO] - Unsupported signature for serialization: ((TensorSpec(shape=(512,), dtype=tf.float32, name='gradient'), <tensorflow.python.framework.func_graph.UnknownArgument object at 0x7f9d99903a90>, 140314864318896), {}).
[2023-05-31 12:35:06,859][tensorflow][INFO] - Unsupported signature for serialization: ((TensorSpec(shape=(512, 151), dtype=tf.float32, name='gradient'), <tensorflow.python.framework.func_graph.UnknownArgument object at 0x7f9d99917970>, 140314864957360), {}).
[2023-05-31 12:35:06,859][tensorflow][INFO] - Unsupported signature for serialization: ((TensorSpec(shape=(151,), dtype=tf.float32, name='gradient'), <tensorflow.python.framework.func_graph.UnknownArgument object at 0x7f9d9992b8e0>, 140314864957120), {}).
[2023-05-31 12:35:07,007][absl][WARNING] - Found untraced functions such as _jit_compiled_convolution_op, _jit_compiled_convolution_op, _jit_compiled_convolution_op, _jit_compiled_convolution_op, _update_step_xla while saving (showing 5 of 5). These functions will not be directly callable after loading.
[2023-05-31 12:35:07,622][tensorflow][INFO] - Assets written to: /tmp/tmpaa0rgw8l/model/data/model/assets
[2023-05-31 12:35:34,428][urllib3.connectionpool][WARNING] - Connection pool is full, discarding connection: dbstorage7pnfkqpflmjse.dfs.core.windows.net. Connection pool size: 10
[2023-05-31 12:35:34,438][urllib3.connectionpool][WARNING] - Connection pool is full, discarding connection: dbstorage7pnfkqpflmjse.dfs.core.windows.net. Connection pool size: 10
[2023-05-31 12:35:34,692][urllib3.connectionpool][WARNING] - Connection pool is full, discarding connection: dbstorage7pnfkqpflmjse.dfs.core.windows.net. Connection pool size: 10
[2023-05-31 12:35:35,458][urllib3.connectionpool][WARNING] - Connection pool is full, discarding connection: dbstorage7pnfkqpflmjse.dfs.core.windows.net. Connection pool size: 10
[2023-05-31 12:35:35,481][urllib3.connectionpool][WARNING] - Connection pool is full, discarding connection: dbstorage7pnfkqpflmjse.dfs.core.windows.net. Connection pool size: 10
