[2023-06-02 23:02:17,853][tensorflow][WARNING] - Callback method `on_train_batch_end` is slow compared to the batch time (batch time: 0.0400s vs `on_train_batch_end` time: 0.0424s). Check your callbacks.
[2023-06-02 23:04:00,882][tensorflow][INFO] - Unsupported signature for serialization: ((TensorSpec(shape=(3, 3, 3, 32), dtype=tf.float32, name='gradient'), <tensorflow.python.framework.func_graph.UnknownArgument object at 0x7f530627e460>, 139994562729904), {}).
[2023-06-02 23:04:00,882][tensorflow][INFO] - Unsupported signature for serialization: ((TensorSpec(shape=(32,), dtype=tf.float32, name='gradient'), <tensorflow.python.framework.func_graph.UnknownArgument object at 0x7f530627ed30>, 139994562619952), {}).
[2023-06-02 23:04:00,882][tensorflow][INFO] - Unsupported signature for serialization: ((TensorSpec(shape=(3, 3, 32, 64), dtype=tf.float32, name='gradient'), <tensorflow.python.framework.func_graph.UnknownArgument object at 0x7f53061d61c0>, 139994562452176), {}).
[2023-06-02 23:04:00,882][tensorflow][INFO] - Unsupported signature for serialization: ((TensorSpec(shape=(64,), dtype=tf.float32, name='gradient'), <tensorflow.python.framework.func_graph.UnknownArgument object at 0x7f53061ca9a0>, 139994562452016), {}).
[2023-06-02 23:04:00,882][tensorflow][INFO] - Unsupported signature for serialization: ((TensorSpec(shape=(3, 3, 64, 128), dtype=tf.float32, name='gradient'), <tensorflow.python.framework.func_graph.UnknownArgument object at 0x7f53061f1880>, 139994562486960), {}).
[2023-06-02 23:04:00,883][tensorflow][INFO] - Unsupported signature for serialization: ((TensorSpec(shape=(128,), dtype=tf.float32, name='gradient'), <tensorflow.python.framework.func_graph.UnknownArgument object at 0x7f53061887c0>, 139994562487360), {}).
[2023-06-02 23:04:00,883][tensorflow][INFO] - Unsupported signature for serialization: ((TensorSpec(shape=(3, 3, 128, 128), dtype=tf.float32, name='gradient'), <tensorflow.python.framework.func_graph.UnknownArgument object at 0x7f530619b6a0>, 139994562524544), {}).
[2023-06-02 23:04:00,883][tensorflow][INFO] - Unsupported signature for serialization: ((TensorSpec(shape=(128,), dtype=tf.float32, name='gradient'), <tensorflow.python.framework.func_graph.UnknownArgument object at 0x7f53061b35e0>, 139994562524384), {}).
[2023-06-02 23:04:00,883][tensorflow][INFO] - Unsupported signature for serialization: ((TensorSpec(shape=(10368, 512), dtype=tf.float32, name='gradient'), <tensorflow.python.framework.func_graph.UnknownArgument object at 0x7f530614a4c0>, 139994562523184), {}).
[2023-06-02 23:04:00,883][tensorflow][INFO] - Unsupported signature for serialization: ((TensorSpec(shape=(512,), dtype=tf.float32, name='gradient'), <tensorflow.python.framework.func_graph.UnknownArgument object at 0x7f530615d400>, 139994562509168), {}).
[2023-06-02 23:04:00,884][tensorflow][INFO] - Unsupported signature for serialization: ((TensorSpec(shape=(512, 151), dtype=tf.float32, name='gradient'), <tensorflow.python.framework.func_graph.UnknownArgument object at 0x7f53061712e0>, 139994562487760), {}).
[2023-06-02 23:04:00,884][tensorflow][INFO] - Unsupported signature for serialization: ((TensorSpec(shape=(151,), dtype=tf.float32, name='gradient'), <tensorflow.python.framework.func_graph.UnknownArgument object at 0x7f5306105250>, 139994562452976), {}).
[2023-06-02 23:04:01,077][tensorflow][INFO] - Unsupported signature for serialization: ((TensorSpec(shape=(3, 3, 3, 32), dtype=tf.float32, name='gradient'), <tensorflow.python.framework.func_graph.UnknownArgument object at 0x7f530627e460>, 139994562729904), {}).
[2023-06-02 23:04:01,077][tensorflow][INFO] - Unsupported signature for serialization: ((TensorSpec(shape=(32,), dtype=tf.float32, name='gradient'), <tensorflow.python.framework.func_graph.UnknownArgument object at 0x7f530627ed30>, 139994562619952), {}).
[2023-06-02 23:04:01,077][tensorflow][INFO] - Unsupported signature for serialization: ((TensorSpec(shape=(3, 3, 32, 64), dtype=tf.float32, name='gradient'), <tensorflow.python.framework.func_graph.UnknownArgument object at 0x7f53061d61c0>, 139994562452176), {}).
[2023-06-02 23:04:01,077][tensorflow][INFO] - Unsupported signature for serialization: ((TensorSpec(shape=(64,), dtype=tf.float32, name='gradient'), <tensorflow.python.framework.func_graph.UnknownArgument object at 0x7f53061ca9a0>, 139994562452016), {}).
[2023-06-02 23:04:01,077][tensorflow][INFO] - Unsupported signature for serialization: ((TensorSpec(shape=(3, 3, 64, 128), dtype=tf.float32, name='gradient'), <tensorflow.python.framework.func_graph.UnknownArgument object at 0x7f53061f1880>, 139994562486960), {}).
[2023-06-02 23:04:01,077][tensorflow][INFO] - Unsupported signature for serialization: ((TensorSpec(shape=(128,), dtype=tf.float32, name='gradient'), <tensorflow.python.framework.func_graph.UnknownArgument object at 0x7f53061887c0>, 139994562487360), {}).
[2023-06-02 23:04:01,078][tensorflow][INFO] - Unsupported signature for serialization: ((TensorSpec(shape=(3, 3, 128, 128), dtype=tf.float32, name='gradient'), <tensorflow.python.framework.func_graph.UnknownArgument object at 0x7f530619b6a0>, 139994562524544), {}).
[2023-06-02 23:04:01,078][tensorflow][INFO] - Unsupported signature for serialization: ((TensorSpec(shape=(128,), dtype=tf.float32, name='gradient'), <tensorflow.python.framework.func_graph.UnknownArgument object at 0x7f53061b35e0>, 139994562524384), {}).
[2023-06-02 23:04:01,078][tensorflow][INFO] - Unsupported signature for serialization: ((TensorSpec(shape=(10368, 512), dtype=tf.float32, name='gradient'), <tensorflow.python.framework.func_graph.UnknownArgument object at 0x7f530614a4c0>, 139994562523184), {}).
[2023-06-02 23:04:01,078][tensorflow][INFO] - Unsupported signature for serialization: ((TensorSpec(shape=(512,), dtype=tf.float32, name='gradient'), <tensorflow.python.framework.func_graph.UnknownArgument object at 0x7f530615d400>, 139994562509168), {}).
[2023-06-02 23:04:01,079][tensorflow][INFO] - Unsupported signature for serialization: ((TensorSpec(shape=(512, 151), dtype=tf.float32, name='gradient'), <tensorflow.python.framework.func_graph.UnknownArgument object at 0x7f53061712e0>, 139994562487760), {}).
[2023-06-02 23:04:01,079][tensorflow][INFO] - Unsupported signature for serialization: ((TensorSpec(shape=(151,), dtype=tf.float32, name='gradient'), <tensorflow.python.framework.func_graph.UnknownArgument object at 0x7f5306105250>, 139994562452976), {}).
[2023-06-02 23:04:01,213][absl][WARNING] - Found untraced functions such as _jit_compiled_convolution_op, _jit_compiled_convolution_op, _jit_compiled_convolution_op, _jit_compiled_convolution_op, _update_step_xla while saving (showing 5 of 5). These functions will not be directly callable after loading.
[2023-06-02 23:04:01,806][tensorflow][INFO] - Assets written to: /tmp/tmpi82w2fkt/model/data/model/assets
[2023-06-02 23:04:20,204][root][INFO] - creating /home/alaeddine/Desktop/mlps-project/mlruns/0/8cfc35685d7943c1b97dead2d8c042c9/artifacts/model/data
[2023-06-02 23:04:20,205][root][INFO] - creating /home/alaeddine/Desktop/mlps-project/mlruns/0/8cfc35685d7943c1b97dead2d8c042c9/artifacts/model/data/model
[2023-06-02 23:04:20,205][root][INFO] - creating /home/alaeddine/Desktop/mlps-project/mlruns/0/8cfc35685d7943c1b97dead2d8c042c9/artifacts/model/data/model/variables
[2023-06-02 23:04:20,265][root][INFO] - creating /home/alaeddine/Desktop/mlps-project/mlruns/0/8cfc35685d7943c1b97dead2d8c042c9/artifacts/model/data/model/assets
[2023-06-02 23:04:20,279][root][INFO] - creating /home/alaeddine/Desktop/mlps-project/mlruns/0/8cfc35685d7943c1b97dead2d8c042c9/artifacts/tensorboard_logs/train
[2023-06-02 23:04:20,279][root][INFO] - creating /home/alaeddine/Desktop/mlps-project/mlruns/0/8cfc35685d7943c1b97dead2d8c042c9/artifacts/tensorboard_logs/validation
[2023-06-02 23:04:20,960][tensorflow][INFO] - Unsupported signature for serialization: ((TensorSpec(shape=(3, 3, 3, 32), dtype=tf.float32, name='gradient'), <tensorflow.python.framework.func_graph.UnknownArgument object at 0x7f530627e460>, 139994562729904), {}).
[2023-06-02 23:04:20,960][tensorflow][INFO] - Unsupported signature for serialization: ((TensorSpec(shape=(32,), dtype=tf.float32, name='gradient'), <tensorflow.python.framework.func_graph.UnknownArgument object at 0x7f530627ed30>, 139994562619952), {}).
[2023-06-02 23:04:20,960][tensorflow][INFO] - Unsupported signature for serialization: ((TensorSpec(shape=(3, 3, 32, 64), dtype=tf.float32, name='gradient'), <tensorflow.python.framework.func_graph.UnknownArgument object at 0x7f53061d61c0>, 139994562452176), {}).
[2023-06-02 23:04:20,960][tensorflow][INFO] - Unsupported signature for serialization: ((TensorSpec(shape=(64,), dtype=tf.float32, name='gradient'), <tensorflow.python.framework.func_graph.UnknownArgument object at 0x7f53061ca9a0>, 139994562452016), {}).
[2023-06-02 23:04:20,961][tensorflow][INFO] - Unsupported signature for serialization: ((TensorSpec(shape=(3, 3, 64, 128), dtype=tf.float32, name='gradient'), <tensorflow.python.framework.func_graph.UnknownArgument object at 0x7f53061f1880>, 139994562486960), {}).
[2023-06-02 23:04:20,961][tensorflow][INFO] - Unsupported signature for serialization: ((TensorSpec(shape=(128,), dtype=tf.float32, name='gradient'), <tensorflow.python.framework.func_graph.UnknownArgument object at 0x7f53061887c0>, 139994562487360), {}).
[2023-06-02 23:04:20,961][tensorflow][INFO] - Unsupported signature for serialization: ((TensorSpec(shape=(3, 3, 128, 128), dtype=tf.float32, name='gradient'), <tensorflow.python.framework.func_graph.UnknownArgument object at 0x7f530619b6a0>, 139994562524544), {}).
[2023-06-02 23:04:20,961][tensorflow][INFO] - Unsupported signature for serialization: ((TensorSpec(shape=(128,), dtype=tf.float32, name='gradient'), <tensorflow.python.framework.func_graph.UnknownArgument object at 0x7f53061b35e0>, 139994562524384), {}).
[2023-06-02 23:04:20,961][tensorflow][INFO] - Unsupported signature for serialization: ((TensorSpec(shape=(10368, 512), dtype=tf.float32, name='gradient'), <tensorflow.python.framework.func_graph.UnknownArgument object at 0x7f530614a4c0>, 139994562523184), {}).
[2023-06-02 23:04:20,961][tensorflow][INFO] - Unsupported signature for serialization: ((TensorSpec(shape=(512,), dtype=tf.float32, name='gradient'), <tensorflow.python.framework.func_graph.UnknownArgument object at 0x7f530615d400>, 139994562509168), {}).
[2023-06-02 23:04:20,962][tensorflow][INFO] - Unsupported signature for serialization: ((TensorSpec(shape=(512, 151), dtype=tf.float32, name='gradient'), <tensorflow.python.framework.func_graph.UnknownArgument object at 0x7f53061712e0>, 139994562487760), {}).
[2023-06-02 23:04:20,962][tensorflow][INFO] - Unsupported signature for serialization: ((TensorSpec(shape=(151,), dtype=tf.float32, name='gradient'), <tensorflow.python.framework.func_graph.UnknownArgument object at 0x7f5306105250>, 139994562452976), {}).
[2023-06-02 23:04:21,154][tensorflow][INFO] - Unsupported signature for serialization: ((TensorSpec(shape=(3, 3, 3, 32), dtype=tf.float32, name='gradient'), <tensorflow.python.framework.func_graph.UnknownArgument object at 0x7f530627e460>, 139994562729904), {}).
[2023-06-02 23:04:21,154][tensorflow][INFO] - Unsupported signature for serialization: ((TensorSpec(shape=(32,), dtype=tf.float32, name='gradient'), <tensorflow.python.framework.func_graph.UnknownArgument object at 0x7f530627ed30>, 139994562619952), {}).
[2023-06-02 23:04:21,154][tensorflow][INFO] - Unsupported signature for serialization: ((TensorSpec(shape=(3, 3, 32, 64), dtype=tf.float32, name='gradient'), <tensorflow.python.framework.func_graph.UnknownArgument object at 0x7f53061d61c0>, 139994562452176), {}).
[2023-06-02 23:04:21,154][tensorflow][INFO] - Unsupported signature for serialization: ((TensorSpec(shape=(64,), dtype=tf.float32, name='gradient'), <tensorflow.python.framework.func_graph.UnknownArgument object at 0x7f53061ca9a0>, 139994562452016), {}).
[2023-06-02 23:04:21,154][tensorflow][INFO] - Unsupported signature for serialization: ((TensorSpec(shape=(3, 3, 64, 128), dtype=tf.float32, name='gradient'), <tensorflow.python.framework.func_graph.UnknownArgument object at 0x7f53061f1880>, 139994562486960), {}).
[2023-06-02 23:04:21,155][tensorflow][INFO] - Unsupported signature for serialization: ((TensorSpec(shape=(128,), dtype=tf.float32, name='gradient'), <tensorflow.python.framework.func_graph.UnknownArgument object at 0x7f53061887c0>, 139994562487360), {}).
[2023-06-02 23:04:21,155][tensorflow][INFO] - Unsupported signature for serialization: ((TensorSpec(shape=(3, 3, 128, 128), dtype=tf.float32, name='gradient'), <tensorflow.python.framework.func_graph.UnknownArgument object at 0x7f530619b6a0>, 139994562524544), {}).
[2023-06-02 23:04:21,155][tensorflow][INFO] - Unsupported signature for serialization: ((TensorSpec(shape=(128,), dtype=tf.float32, name='gradient'), <tensorflow.python.framework.func_graph.UnknownArgument object at 0x7f53061b35e0>, 139994562524384), {}).
[2023-06-02 23:04:21,155][tensorflow][INFO] - Unsupported signature for serialization: ((TensorSpec(shape=(10368, 512), dtype=tf.float32, name='gradient'), <tensorflow.python.framework.func_graph.UnknownArgument object at 0x7f530614a4c0>, 139994562523184), {}).
[2023-06-02 23:04:21,156][tensorflow][INFO] - Unsupported signature for serialization: ((TensorSpec(shape=(512,), dtype=tf.float32, name='gradient'), <tensorflow.python.framework.func_graph.UnknownArgument object at 0x7f530615d400>, 139994562509168), {}).
[2023-06-02 23:04:21,156][tensorflow][INFO] - Unsupported signature for serialization: ((TensorSpec(shape=(512, 151), dtype=tf.float32, name='gradient'), <tensorflow.python.framework.func_graph.UnknownArgument object at 0x7f53061712e0>, 139994562487760), {}).
[2023-06-02 23:04:21,156][tensorflow][INFO] - Unsupported signature for serialization: ((TensorSpec(shape=(151,), dtype=tf.float32, name='gradient'), <tensorflow.python.framework.func_graph.UnknownArgument object at 0x7f5306105250>, 139994562452976), {}).
[2023-06-02 23:04:21,296][absl][WARNING] - Found untraced functions such as _jit_compiled_convolution_op, _jit_compiled_convolution_op, _jit_compiled_convolution_op, _jit_compiled_convolution_op, _update_step_xla while saving (showing 5 of 5). These functions will not be directly callable after loading.
[2023-06-02 23:04:21,781][tensorflow][INFO] - Assets written to: ./saved_model/my_model/assets
