[2023-05-27 14:52:04,582][tensorflow][INFO] - Unsupported signature for serialization: ((TensorSpec(shape=(3, 3, 3, 32), dtype=tf.float32, name='gradient'), <tensorflow.python.framework.func_graph.UnknownArgument object at 0x7f1cd7cb6fa0>, 139761856877232), {}).
[2023-05-27 14:52:04,582][tensorflow][INFO] - Unsupported signature for serialization: ((TensorSpec(shape=(32,), dtype=tf.float32, name='gradient'), <tensorflow.python.framework.func_graph.UnknownArgument object at 0x7f1cd7c71df0>, 139761856902704), {}).
[2023-05-27 14:52:04,582][tensorflow][INFO] - Unsupported signature for serialization: ((TensorSpec(shape=(3, 3, 32, 32), dtype=tf.float32, name='gradient'), <tensorflow.python.framework.func_graph.UnknownArgument object at 0x7f1cd7c75580>, 139761856932640), {}).
[2023-05-27 14:52:04,583][tensorflow][INFO] - Unsupported signature for serialization: ((TensorSpec(shape=(32,), dtype=tf.float32, name='gradient'), <tensorflow.python.framework.func_graph.UnknownArgument object at 0x7f1cd7c1f520>, 139761856932560), {}).
[2023-05-27 14:52:04,583][tensorflow][INFO] - Unsupported signature for serialization: ((TensorSpec(shape=(3, 3, 32, 128), dtype=tf.float32, name='gradient'), <tensorflow.python.framework.func_graph.UnknownArgument object at 0x7f1cd7c36400>, 139761856966784), {}).
[2023-05-27 14:52:04,583][tensorflow][INFO] - Unsupported signature for serialization: ((TensorSpec(shape=(128,), dtype=tf.float32, name='gradient'), <tensorflow.python.framework.func_graph.UnknownArgument object at 0x7f1cd7bcb340>, 139761856967264), {}).
[2023-05-27 14:52:04,583][tensorflow][INFO] - Unsupported signature for serialization: ((TensorSpec(shape=(3, 3, 128, 128), dtype=tf.float32, name='gradient'), <tensorflow.python.framework.func_graph.UnknownArgument object at 0x7f1cd7bde220>, 139761857008064), {}).
[2023-05-27 14:52:04,583][tensorflow][INFO] - Unsupported signature for serialization: ((TensorSpec(shape=(128,), dtype=tf.float32, name='gradient'), <tensorflow.python.framework.func_graph.UnknownArgument object at 0x7f1cd7bf1160>, 139761857007984), {}).
[2023-05-27 14:52:04,583][tensorflow][INFO] - Unsupported signature for serialization: ((TensorSpec(shape=(10368, 512), dtype=tf.float32, name='gradient'), <tensorflow.python.framework.func_graph.UnknownArgument object at 0x7f1cd7b85040>, 139761856967904), {}).
[2023-05-27 14:52:04,584][tensorflow][INFO] - Unsupported signature for serialization: ((TensorSpec(shape=(512,), dtype=tf.float32, name='gradient'), <tensorflow.python.framework.func_graph.UnknownArgument object at 0x7f1cd7b8bf40>, 139761856973424), {}).
[2023-05-27 14:52:04,584][tensorflow][INFO] - Unsupported signature for serialization: ((TensorSpec(shape=(512, 151), dtype=tf.float32, name='gradient'), <tensorflow.python.framework.func_graph.UnknownArgument object at 0x7f1cd7b9fe20>, 139761857009424), {}).
[2023-05-27 14:52:04,584][tensorflow][INFO] - Unsupported signature for serialization: ((TensorSpec(shape=(151,), dtype=tf.float32, name='gradient'), <tensorflow.python.framework.func_graph.UnknownArgument object at 0x7f1cd7bb4d90>, 139761857009584), {}).
[2023-05-27 14:52:04,804][tensorflow][INFO] - Unsupported signature for serialization: ((TensorSpec(shape=(3, 3, 3, 32), dtype=tf.float32, name='gradient'), <tensorflow.python.framework.func_graph.UnknownArgument object at 0x7f1cd7cb6fa0>, 139761856877232), {}).
[2023-05-27 14:52:04,804][tensorflow][INFO] - Unsupported signature for serialization: ((TensorSpec(shape=(32,), dtype=tf.float32, name='gradient'), <tensorflow.python.framework.func_graph.UnknownArgument object at 0x7f1cd7c71df0>, 139761856902704), {}).
[2023-05-27 14:52:04,814][tensorflow][INFO] - Unsupported signature for serialization: ((TensorSpec(shape=(3, 3, 32, 32), dtype=tf.float32, name='gradient'), <tensorflow.python.framework.func_graph.UnknownArgument object at 0x7f1cd7c75580>, 139761856932640), {}).
[2023-05-27 14:52:04,814][tensorflow][INFO] - Unsupported signature for serialization: ((TensorSpec(shape=(32,), dtype=tf.float32, name='gradient'), <tensorflow.python.framework.func_graph.UnknownArgument object at 0x7f1cd7c1f520>, 139761856932560), {}).
[2023-05-27 14:52:04,814][tensorflow][INFO] - Unsupported signature for serialization: ((TensorSpec(shape=(3, 3, 32, 128), dtype=tf.float32, name='gradient'), <tensorflow.python.framework.func_graph.UnknownArgument object at 0x7f1cd7c36400>, 139761856966784), {}).
[2023-05-27 14:52:04,814][tensorflow][INFO] - Unsupported signature for serialization: ((TensorSpec(shape=(128,), dtype=tf.float32, name='gradient'), <tensorflow.python.framework.func_graph.UnknownArgument object at 0x7f1cd7bcb340>, 139761856967264), {}).
[2023-05-27 14:52:04,815][tensorflow][INFO] - Unsupported signature for serialization: ((TensorSpec(shape=(3, 3, 128, 128), dtype=tf.float32, name='gradient'), <tensorflow.python.framework.func_graph.UnknownArgument object at 0x7f1cd7bde220>, 139761857008064), {}).
[2023-05-27 14:52:04,815][tensorflow][INFO] - Unsupported signature for serialization: ((TensorSpec(shape=(128,), dtype=tf.float32, name='gradient'), <tensorflow.python.framework.func_graph.UnknownArgument object at 0x7f1cd7bf1160>, 139761857007984), {}).
[2023-05-27 14:52:04,815][tensorflow][INFO] - Unsupported signature for serialization: ((TensorSpec(shape=(10368, 512), dtype=tf.float32, name='gradient'), <tensorflow.python.framework.func_graph.UnknownArgument object at 0x7f1cd7b85040>, 139761856967904), {}).
[2023-05-27 14:52:04,815][tensorflow][INFO] - Unsupported signature for serialization: ((TensorSpec(shape=(512,), dtype=tf.float32, name='gradient'), <tensorflow.python.framework.func_graph.UnknownArgument object at 0x7f1cd7b8bf40>, 139761856973424), {}).
[2023-05-27 14:52:04,815][tensorflow][INFO] - Unsupported signature for serialization: ((TensorSpec(shape=(512, 151), dtype=tf.float32, name='gradient'), <tensorflow.python.framework.func_graph.UnknownArgument object at 0x7f1cd7b9fe20>, 139761857009424), {}).
[2023-05-27 14:52:04,815][tensorflow][INFO] - Unsupported signature for serialization: ((TensorSpec(shape=(151,), dtype=tf.float32, name='gradient'), <tensorflow.python.framework.func_graph.UnknownArgument object at 0x7f1cd7bb4d90>, 139761857009584), {}).
[2023-05-27 14:52:04,963][absl][WARNING] - Found untraced functions such as _jit_compiled_convolution_op, _jit_compiled_convolution_op, _jit_compiled_convolution_op, _jit_compiled_convolution_op, _update_step_xla while saving (showing 5 of 5). These functions will not be directly callable after loading.
[2023-05-27 14:52:05,581][tensorflow][INFO] - Assets written to: /tmp/tmpehd6156n/model/data/model/assets
[2023-05-27 14:52:33,679][urllib3.connectionpool][WARNING] - Connection pool is full, discarding connection: dbstorage7pnfkqpflmjse.dfs.core.windows.net. Connection pool size: 10
[2023-05-27 14:52:34,900][urllib3.connectionpool][WARNING] - Connection pool is full, discarding connection: dbstorage7pnfkqpflmjse.dfs.core.windows.net. Connection pool size: 10
[2023-05-27 14:52:36,045][urllib3.connectionpool][WARNING] - Connection pool is full, discarding connection: dbstorage7pnfkqpflmjse.dfs.core.windows.net. Connection pool size: 10
[2023-05-27 14:52:36,892][urllib3.connectionpool][WARNING] - Connection pool is full, discarding connection: dbstorage7pnfkqpflmjse.dfs.core.windows.net. Connection pool size: 10
[2023-05-27 14:52:36,957][urllib3.connectionpool][WARNING] - Connection pool is full, discarding connection: dbstorage7pnfkqpflmjse.dfs.core.windows.net. Connection pool size: 10
[2023-05-27 14:52:36,998][urllib3.connectionpool][WARNING] - Connection pool is full, discarding connection: dbstorage7pnfkqpflmjse.dfs.core.windows.net. Connection pool size: 10
