[2023-05-31 19:00:53,587][tensorflow][WARNING] - Callback method `on_train_batch_end` is slow compared to the batch time (batch time: 0.0395s vs `on_train_batch_end` time: 0.0400s). Check your callbacks.
[2023-05-31 19:02:34,783][tensorflow][INFO] - Unsupported signature for serialization: ((TensorSpec(shape=(3, 3, 3, 32), dtype=tf.float32, name='gradient'), <tensorflow.python.framework.func_graph.UnknownArgument object at 0x7f84d9c1dfa0>, 140208566395488), {}).
[2023-05-31 19:02:34,785][tensorflow][INFO] - Unsupported signature for serialization: ((TensorSpec(shape=(32,), dtype=tf.float32, name='gradient'), <tensorflow.python.framework.func_graph.UnknownArgument object at 0x7f84d9bf83a0>, 140208566407024), {}).
[2023-05-31 19:02:34,785][tensorflow][INFO] - Unsupported signature for serialization: ((TensorSpec(shape=(3, 3, 32, 64), dtype=tf.float32, name='gradient'), <tensorflow.python.framework.func_graph.UnknownArgument object at 0x7f84d9be00a0>, 140208565926128), {}).
[2023-05-31 19:02:34,785][tensorflow][INFO] - Unsupported signature for serialization: ((TensorSpec(shape=(64,), dtype=tf.float32, name='gradient'), <tensorflow.python.framework.func_graph.UnknownArgument object at 0x7f84d9b86040>, 140208565925968), {}).
[2023-05-31 19:02:34,785][tensorflow][INFO] - Unsupported signature for serialization: ((TensorSpec(shape=(3, 3, 64, 128), dtype=tf.float32, name='gradient'), <tensorflow.python.framework.func_graph.UnknownArgument object at 0x7f84d9b90ee0>, 140208566433952), {}).
[2023-05-31 19:02:34,786][tensorflow][INFO] - Unsupported signature for serialization: ((TensorSpec(shape=(128,), dtype=tf.float32, name='gradient'), <tensorflow.python.framework.func_graph.UnknownArgument object at 0x7f84d9ba3e20>, 140208566435312), {}).
[2023-05-31 19:02:34,786][tensorflow][INFO] - Unsupported signature for serialization: ((TensorSpec(shape=(3, 3, 128, 128), dtype=tf.float32, name='gradient'), <tensorflow.python.framework.func_graph.UnknownArgument object at 0x7f84d9bb6d00>, 140208566566304), {}).
[2023-05-31 19:02:34,786][tensorflow][INFO] - Unsupported signature for serialization: ((TensorSpec(shape=(128,), dtype=tf.float32, name='gradient'), <tensorflow.python.framework.func_graph.UnknownArgument object at 0x7f84d9b4bc40>, 140208566566144), {}).
[2023-05-31 19:02:34,786][tensorflow][INFO] - Unsupported signature for serialization: ((TensorSpec(shape=(10368, 512), dtype=tf.float32, name='gradient'), <tensorflow.python.framework.func_graph.UnknownArgument object at 0x7f84d9b5fb20>, 140208566564864), {}).
[2023-05-31 19:02:34,786][tensorflow][INFO] - Unsupported signature for serialization: ((TensorSpec(shape=(512,), dtype=tf.float32, name='gradient'), <tensorflow.python.framework.func_graph.UnknownArgument object at 0x7f84d9b76a60>, 140208566249072), {}).
[2023-05-31 19:02:34,786][tensorflow][INFO] - Unsupported signature for serialization: ((TensorSpec(shape=(512, 151), dtype=tf.float32, name='gradient'), <tensorflow.python.framework.func_graph.UnknownArgument object at 0x7f84d9b09940>, 140208566537632), {}).
[2023-05-31 19:02:34,787][tensorflow][INFO] - Unsupported signature for serialization: ((TensorSpec(shape=(151,), dtype=tf.float32, name='gradient'), <tensorflow.python.framework.func_graph.UnknownArgument object at 0x7f84d9b1c8b0>, 140208565924848), {}).
[2023-05-31 19:02:34,977][tensorflow][INFO] - Unsupported signature for serialization: ((TensorSpec(shape=(3, 3, 3, 32), dtype=tf.float32, name='gradient'), <tensorflow.python.framework.func_graph.UnknownArgument object at 0x7f84d9c1dfa0>, 140208566395488), {}).
[2023-05-31 19:02:34,977][tensorflow][INFO] - Unsupported signature for serialization: ((TensorSpec(shape=(32,), dtype=tf.float32, name='gradient'), <tensorflow.python.framework.func_graph.UnknownArgument object at 0x7f84d9bf83a0>, 140208566407024), {}).
[2023-05-31 19:02:34,977][tensorflow][INFO] - Unsupported signature for serialization: ((TensorSpec(shape=(3, 3, 32, 64), dtype=tf.float32, name='gradient'), <tensorflow.python.framework.func_graph.UnknownArgument object at 0x7f84d9be00a0>, 140208565926128), {}).
[2023-05-31 19:02:34,978][tensorflow][INFO] - Unsupported signature for serialization: ((TensorSpec(shape=(64,), dtype=tf.float32, name='gradient'), <tensorflow.python.framework.func_graph.UnknownArgument object at 0x7f84d9b86040>, 140208565925968), {}).
[2023-05-31 19:02:34,978][tensorflow][INFO] - Unsupported signature for serialization: ((TensorSpec(shape=(3, 3, 64, 128), dtype=tf.float32, name='gradient'), <tensorflow.python.framework.func_graph.UnknownArgument object at 0x7f84d9b90ee0>, 140208566433952), {}).
[2023-05-31 19:02:34,978][tensorflow][INFO] - Unsupported signature for serialization: ((TensorSpec(shape=(128,), dtype=tf.float32, name='gradient'), <tensorflow.python.framework.func_graph.UnknownArgument object at 0x7f84d9ba3e20>, 140208566435312), {}).
[2023-05-31 19:02:34,978][tensorflow][INFO] - Unsupported signature for serialization: ((TensorSpec(shape=(3, 3, 128, 128), dtype=tf.float32, name='gradient'), <tensorflow.python.framework.func_graph.UnknownArgument object at 0x7f84d9bb6d00>, 140208566566304), {}).
[2023-05-31 19:02:34,978][tensorflow][INFO] - Unsupported signature for serialization: ((TensorSpec(shape=(128,), dtype=tf.float32, name='gradient'), <tensorflow.python.framework.func_graph.UnknownArgument object at 0x7f84d9b4bc40>, 140208566566144), {}).
[2023-05-31 19:02:34,978][tensorflow][INFO] - Unsupported signature for serialization: ((TensorSpec(shape=(10368, 512), dtype=tf.float32, name='gradient'), <tensorflow.python.framework.func_graph.UnknownArgument object at 0x7f84d9b5fb20>, 140208566564864), {}).
[2023-05-31 19:02:34,978][tensorflow][INFO] - Unsupported signature for serialization: ((TensorSpec(shape=(512,), dtype=tf.float32, name='gradient'), <tensorflow.python.framework.func_graph.UnknownArgument object at 0x7f84d9b76a60>, 140208566249072), {}).
[2023-05-31 19:02:34,979][tensorflow][INFO] - Unsupported signature for serialization: ((TensorSpec(shape=(512, 151), dtype=tf.float32, name='gradient'), <tensorflow.python.framework.func_graph.UnknownArgument object at 0x7f84d9b09940>, 140208566537632), {}).
[2023-05-31 19:02:34,979][tensorflow][INFO] - Unsupported signature for serialization: ((TensorSpec(shape=(151,), dtype=tf.float32, name='gradient'), <tensorflow.python.framework.func_graph.UnknownArgument object at 0x7f84d9b1c8b0>, 140208565924848), {}).
[2023-05-31 19:02:35,118][absl][WARNING] - Found untraced functions such as _jit_compiled_convolution_op, _jit_compiled_convolution_op, _jit_compiled_convolution_op, _jit_compiled_convolution_op, _update_step_xla while saving (showing 5 of 5). These functions will not be directly callable after loading.
[2023-05-31 19:02:35,682][tensorflow][INFO] - Assets written to: /tmp/tmp7nghxmd5/model/data/model/assets
[2023-05-31 19:02:52,611][urllib3.connectionpool][WARNING] - Connection pool is full, discarding connection: dbstorage7pnfkqpflmjse.dfs.core.windows.net. Connection pool size: 10
[2023-05-31 19:02:54,153][urllib3.connectionpool][WARNING] - Connection pool is full, discarding connection: dbstorage7pnfkqpflmjse.dfs.core.windows.net. Connection pool size: 10
[2023-05-31 19:02:54,453][urllib3.connectionpool][WARNING] - Connection pool is full, discarding connection: dbstorage7pnfkqpflmjse.dfs.core.windows.net. Connection pool size: 10
[2023-05-31 19:02:54,589][urllib3.connectionpool][WARNING] - Connection pool is full, discarding connection: dbstorage7pnfkqpflmjse.dfs.core.windows.net. Connection pool size: 10
[2023-05-31 19:02:54,603][urllib3.connectionpool][WARNING] - Connection pool is full, discarding connection: dbstorage7pnfkqpflmjse.dfs.core.windows.net. Connection pool size: 10
[2023-05-31 19:02:54,605][urllib3.connectionpool][WARNING] - Connection pool is full, discarding connection: dbstorage7pnfkqpflmjse.dfs.core.windows.net. Connection pool size: 10
[2023-05-31 19:02:54,617][urllib3.connectionpool][WARNING] - Connection pool is full, discarding connection: dbstorage7pnfkqpflmjse.dfs.core.windows.net. Connection pool size: 10
