[2023-06-02 23:07:13,477][tensorflow][INFO] - Unsupported signature for serialization: ((TensorSpec(shape=(3, 3, 3, 32), dtype=tf.float32, name='gradient'), <tensorflow.python.framework.func_graph.UnknownArgument object at 0x7f94846082b0>, 140275853301360), {}).
[2023-06-02 23:07:13,478][tensorflow][INFO] - Unsupported signature for serialization: ((TensorSpec(shape=(32,), dtype=tf.float32, name='gradient'), <tensorflow.python.framework.func_graph.UnknownArgument object at 0x7f948463ffd0>, 140275853460976), {}).
[2023-06-02 23:07:13,478][tensorflow][INFO] - Unsupported signature for serialization: ((TensorSpec(shape=(3, 3, 32, 64), dtype=tf.float32, name='gradient'), <tensorflow.python.framework.func_graph.UnknownArgument object at 0x7f94845dff70>, 140275853494672), {}).
[2023-06-02 23:07:13,478][tensorflow][INFO] - Unsupported signature for serialization: ((TensorSpec(shape=(64,), dtype=tf.float32, name='gradient'), <tensorflow.python.framework.func_graph.UnknownArgument object at 0x7f94845e07f0>, 140275853494512), {}).
[2023-06-02 23:07:13,478][tensorflow][INFO] - Unsupported signature for serialization: ((TensorSpec(shape=(3, 3, 64, 128), dtype=tf.float32, name='gradient'), <tensorflow.python.framework.func_graph.UnknownArgument object at 0x7f94845fc6d0>, 140275853521264), {}).
[2023-06-02 23:07:13,478][tensorflow][INFO] - Unsupported signature for serialization: ((TensorSpec(shape=(128,), dtype=tf.float32, name='gradient'), <tensorflow.python.framework.func_graph.UnknownArgument object at 0x7f9484594610>, 140275853478768), {}).
[2023-06-02 23:07:13,478][tensorflow][INFO] - Unsupported signature for serialization: ((TensorSpec(shape=(3, 3, 128, 128), dtype=tf.float32, name='gradient'), <tensorflow.python.framework.func_graph.UnknownArgument object at 0x7f94845a94f0>, 140275853554752), {}).
[2023-06-02 23:07:13,478][tensorflow][INFO] - Unsupported signature for serialization: ((TensorSpec(shape=(128,), dtype=tf.float32, name='gradient'), <tensorflow.python.framework.func_graph.UnknownArgument object at 0x7f94845bc430>, 140275853554592), {}).
[2023-06-02 23:07:13,479][tensorflow][INFO] - Unsupported signature for serialization: ((TensorSpec(shape=(10368, 512), dtype=tf.float32, name='gradient'), <tensorflow.python.framework.func_graph.UnknownArgument object at 0x7f9484551310>, 140275853555552), {}).
[2023-06-02 23:07:13,479][tensorflow][INFO] - Unsupported signature for serialization: ((TensorSpec(shape=(512,), dtype=tf.float32, name='gradient'), <tensorflow.python.framework.func_graph.UnknownArgument object at 0x7f9484566250>, 140275853533936), {}).
[2023-06-02 23:07:13,479][tensorflow][INFO] - Unsupported signature for serialization: ((TensorSpec(shape=(512, 151), dtype=tf.float32, name='gradient'), <tensorflow.python.framework.func_graph.UnknownArgument object at 0x7f9484579130>, 140275853522544), {}).
[2023-06-02 23:07:13,479][tensorflow][INFO] - Unsupported signature for serialization: ((TensorSpec(shape=(151,), dtype=tf.float32, name='gradient'), <tensorflow.python.framework.func_graph.UnknownArgument object at 0x7f948450d0a0>, 140275853495472), {}).
[2023-06-02 23:07:13,682][tensorflow][INFO] - Unsupported signature for serialization: ((TensorSpec(shape=(3, 3, 3, 32), dtype=tf.float32, name='gradient'), <tensorflow.python.framework.func_graph.UnknownArgument object at 0x7f94846082b0>, 140275853301360), {}).
[2023-06-02 23:07:13,682][tensorflow][INFO] - Unsupported signature for serialization: ((TensorSpec(shape=(32,), dtype=tf.float32, name='gradient'), <tensorflow.python.framework.func_graph.UnknownArgument object at 0x7f948463ffd0>, 140275853460976), {}).
[2023-06-02 23:07:13,683][tensorflow][INFO] - Unsupported signature for serialization: ((TensorSpec(shape=(3, 3, 32, 64), dtype=tf.float32, name='gradient'), <tensorflow.python.framework.func_graph.UnknownArgument object at 0x7f94845dff70>, 140275853494672), {}).
[2023-06-02 23:07:13,683][tensorflow][INFO] - Unsupported signature for serialization: ((TensorSpec(shape=(64,), dtype=tf.float32, name='gradient'), <tensorflow.python.framework.func_graph.UnknownArgument object at 0x7f94845e07f0>, 140275853494512), {}).
[2023-06-02 23:07:13,683][tensorflow][INFO] - Unsupported signature for serialization: ((TensorSpec(shape=(3, 3, 64, 128), dtype=tf.float32, name='gradient'), <tensorflow.python.framework.func_graph.UnknownArgument object at 0x7f94845fc6d0>, 140275853521264), {}).
[2023-06-02 23:07:13,683][tensorflow][INFO] - Unsupported signature for serialization: ((TensorSpec(shape=(128,), dtype=tf.float32, name='gradient'), <tensorflow.python.framework.func_graph.UnknownArgument object at 0x7f9484594610>, 140275853478768), {}).
[2023-06-02 23:07:13,683][tensorflow][INFO] - Unsupported signature for serialization: ((TensorSpec(shape=(3, 3, 128, 128), dtype=tf.float32, name='gradient'), <tensorflow.python.framework.func_graph.UnknownArgument object at 0x7f94845a94f0>, 140275853554752), {}).
[2023-06-02 23:07:13,683][tensorflow][INFO] - Unsupported signature for serialization: ((TensorSpec(shape=(128,), dtype=tf.float32, name='gradient'), <tensorflow.python.framework.func_graph.UnknownArgument object at 0x7f94845bc430>, 140275853554592), {}).
[2023-06-02 23:07:13,683][tensorflow][INFO] - Unsupported signature for serialization: ((TensorSpec(shape=(10368, 512), dtype=tf.float32, name='gradient'), <tensorflow.python.framework.func_graph.UnknownArgument object at 0x7f9484551310>, 140275853555552), {}).
[2023-06-02 23:07:13,684][tensorflow][INFO] - Unsupported signature for serialization: ((TensorSpec(shape=(512,), dtype=tf.float32, name='gradient'), <tensorflow.python.framework.func_graph.UnknownArgument object at 0x7f9484566250>, 140275853533936), {}).
[2023-06-02 23:07:13,684][tensorflow][INFO] - Unsupported signature for serialization: ((TensorSpec(shape=(512, 151), dtype=tf.float32, name='gradient'), <tensorflow.python.framework.func_graph.UnknownArgument object at 0x7f9484579130>, 140275853522544), {}).
[2023-06-02 23:07:13,684][tensorflow][INFO] - Unsupported signature for serialization: ((TensorSpec(shape=(151,), dtype=tf.float32, name='gradient'), <tensorflow.python.framework.func_graph.UnknownArgument object at 0x7f948450d0a0>, 140275853495472), {}).
[2023-06-02 23:07:13,815][absl][WARNING] - Found untraced functions such as _jit_compiled_convolution_op, _jit_compiled_convolution_op, _jit_compiled_convolution_op, _jit_compiled_convolution_op, _update_step_xla while saving (showing 5 of 5). These functions will not be directly callable after loading.
[2023-06-02 23:07:14,307][tensorflow][INFO] - Assets written to: /tmp/tmp2fzvntx9/model/data/model/assets
[2023-06-02 23:07:29,766][root][INFO] - creating /home/alaeddine/Desktop/mlps-project/mlruns/0/12119d8fc1d543159cbd0218e9da0499/artifacts/model/data
[2023-06-02 23:07:29,767][root][INFO] - creating /home/alaeddine/Desktop/mlps-project/mlruns/0/12119d8fc1d543159cbd0218e9da0499/artifacts/model/data/model
[2023-06-02 23:07:29,767][root][INFO] - creating /home/alaeddine/Desktop/mlps-project/mlruns/0/12119d8fc1d543159cbd0218e9da0499/artifacts/model/data/model/variables
[2023-06-02 23:07:29,831][root][INFO] - creating /home/alaeddine/Desktop/mlps-project/mlruns/0/12119d8fc1d543159cbd0218e9da0499/artifacts/model/data/model/assets
[2023-06-02 23:07:29,848][root][INFO] - creating /home/alaeddine/Desktop/mlps-project/mlruns/0/12119d8fc1d543159cbd0218e9da0499/artifacts/tensorboard_logs/train
[2023-06-02 23:07:29,848][root][INFO] - creating /home/alaeddine/Desktop/mlps-project/mlruns/0/12119d8fc1d543159cbd0218e9da0499/artifacts/tensorboard_logs/validation
[2023-06-02 23:07:30,636][tensorflow][INFO] - Unsupported signature for serialization: ((TensorSpec(shape=(3, 3, 3, 32), dtype=tf.float32, name='gradient'), <tensorflow.python.framework.func_graph.UnknownArgument object at 0x7f94846082b0>, 140275853301360), {}).
[2023-06-02 23:07:30,636][tensorflow][INFO] - Unsupported signature for serialization: ((TensorSpec(shape=(32,), dtype=tf.float32, name='gradient'), <tensorflow.python.framework.func_graph.UnknownArgument object at 0x7f948463ffd0>, 140275853460976), {}).
[2023-06-02 23:07:30,636][tensorflow][INFO] - Unsupported signature for serialization: ((TensorSpec(shape=(3, 3, 32, 64), dtype=tf.float32, name='gradient'), <tensorflow.python.framework.func_graph.UnknownArgument object at 0x7f94845dff70>, 140275853494672), {}).
[2023-06-02 23:07:30,636][tensorflow][INFO] - Unsupported signature for serialization: ((TensorSpec(shape=(64,), dtype=tf.float32, name='gradient'), <tensorflow.python.framework.func_graph.UnknownArgument object at 0x7f94845e07f0>, 140275853494512), {}).
[2023-06-02 23:07:30,637][tensorflow][INFO] - Unsupported signature for serialization: ((TensorSpec(shape=(3, 3, 64, 128), dtype=tf.float32, name='gradient'), <tensorflow.python.framework.func_graph.UnknownArgument object at 0x7f94845fc6d0>, 140275853521264), {}).
[2023-06-02 23:07:30,637][tensorflow][INFO] - Unsupported signature for serialization: ((TensorSpec(shape=(128,), dtype=tf.float32, name='gradient'), <tensorflow.python.framework.func_graph.UnknownArgument object at 0x7f9484594610>, 140275853478768), {}).
[2023-06-02 23:07:30,637][tensorflow][INFO] - Unsupported signature for serialization: ((TensorSpec(shape=(3, 3, 128, 128), dtype=tf.float32, name='gradient'), <tensorflow.python.framework.func_graph.UnknownArgument object at 0x7f94845a94f0>, 140275853554752), {}).
[2023-06-02 23:07:30,637][tensorflow][INFO] - Unsupported signature for serialization: ((TensorSpec(shape=(128,), dtype=tf.float32, name='gradient'), <tensorflow.python.framework.func_graph.UnknownArgument object at 0x7f94845bc430>, 140275853554592), {}).
[2023-06-02 23:07:30,637][tensorflow][INFO] - Unsupported signature for serialization: ((TensorSpec(shape=(10368, 512), dtype=tf.float32, name='gradient'), <tensorflow.python.framework.func_graph.UnknownArgument object at 0x7f9484551310>, 140275853555552), {}).
[2023-06-02 23:07:30,637][tensorflow][INFO] - Unsupported signature for serialization: ((TensorSpec(shape=(512,), dtype=tf.float32, name='gradient'), <tensorflow.python.framework.func_graph.UnknownArgument object at 0x7f9484566250>, 140275853533936), {}).
[2023-06-02 23:07:30,637][tensorflow][INFO] - Unsupported signature for serialization: ((TensorSpec(shape=(512, 151), dtype=tf.float32, name='gradient'), <tensorflow.python.framework.func_graph.UnknownArgument object at 0x7f9484579130>, 140275853522544), {}).
[2023-06-02 23:07:30,637][tensorflow][INFO] - Unsupported signature for serialization: ((TensorSpec(shape=(151,), dtype=tf.float32, name='gradient'), <tensorflow.python.framework.func_graph.UnknownArgument object at 0x7f948450d0a0>, 140275853495472), {}).
[2023-06-02 23:07:30,829][tensorflow][INFO] - Unsupported signature for serialization: ((TensorSpec(shape=(3, 3, 3, 32), dtype=tf.float32, name='gradient'), <tensorflow.python.framework.func_graph.UnknownArgument object at 0x7f94846082b0>, 140275853301360), {}).
[2023-06-02 23:07:30,829][tensorflow][INFO] - Unsupported signature for serialization: ((TensorSpec(shape=(32,), dtype=tf.float32, name='gradient'), <tensorflow.python.framework.func_graph.UnknownArgument object at 0x7f948463ffd0>, 140275853460976), {}).
[2023-06-02 23:07:30,829][tensorflow][INFO] - Unsupported signature for serialization: ((TensorSpec(shape=(3, 3, 32, 64), dtype=tf.float32, name='gradient'), <tensorflow.python.framework.func_graph.UnknownArgument object at 0x7f94845dff70>, 140275853494672), {}).
[2023-06-02 23:07:30,829][tensorflow][INFO] - Unsupported signature for serialization: ((TensorSpec(shape=(64,), dtype=tf.float32, name='gradient'), <tensorflow.python.framework.func_graph.UnknownArgument object at 0x7f94845e07f0>, 140275853494512), {}).
[2023-06-02 23:07:30,829][tensorflow][INFO] - Unsupported signature for serialization: ((TensorSpec(shape=(3, 3, 64, 128), dtype=tf.float32, name='gradient'), <tensorflow.python.framework.func_graph.UnknownArgument object at 0x7f94845fc6d0>, 140275853521264), {}).
[2023-06-02 23:07:30,829][tensorflow][INFO] - Unsupported signature for serialization: ((TensorSpec(shape=(128,), dtype=tf.float32, name='gradient'), <tensorflow.python.framework.func_graph.UnknownArgument object at 0x7f9484594610>, 140275853478768), {}).
[2023-06-02 23:07:30,829][tensorflow][INFO] - Unsupported signature for serialization: ((TensorSpec(shape=(3, 3, 128, 128), dtype=tf.float32, name='gradient'), <tensorflow.python.framework.func_graph.UnknownArgument object at 0x7f94845a94f0>, 140275853554752), {}).
[2023-06-02 23:07:30,829][tensorflow][INFO] - Unsupported signature for serialization: ((TensorSpec(shape=(128,), dtype=tf.float32, name='gradient'), <tensorflow.python.framework.func_graph.UnknownArgument object at 0x7f94845bc430>, 140275853554592), {}).
[2023-06-02 23:07:30,830][tensorflow][INFO] - Unsupported signature for serialization: ((TensorSpec(shape=(10368, 512), dtype=tf.float32, name='gradient'), <tensorflow.python.framework.func_graph.UnknownArgument object at 0x7f9484551310>, 140275853555552), {}).
[2023-06-02 23:07:30,830][tensorflow][INFO] - Unsupported signature for serialization: ((TensorSpec(shape=(512,), dtype=tf.float32, name='gradient'), <tensorflow.python.framework.func_graph.UnknownArgument object at 0x7f9484566250>, 140275853533936), {}).
[2023-06-02 23:07:30,830][tensorflow][INFO] - Unsupported signature for serialization: ((TensorSpec(shape=(512, 151), dtype=tf.float32, name='gradient'), <tensorflow.python.framework.func_graph.UnknownArgument object at 0x7f9484579130>, 140275853522544), {}).
[2023-06-02 23:07:30,830][tensorflow][INFO] - Unsupported signature for serialization: ((TensorSpec(shape=(151,), dtype=tf.float32, name='gradient'), <tensorflow.python.framework.func_graph.UnknownArgument object at 0x7f948450d0a0>, 140275853495472), {}).
[2023-06-02 23:07:30,959][absl][WARNING] - Found untraced functions such as _jit_compiled_convolution_op, _jit_compiled_convolution_op, _jit_compiled_convolution_op, _jit_compiled_convolution_op, _update_step_xla while saving (showing 5 of 5). These functions will not be directly callable after loading.
[2023-06-02 23:07:31,436][tensorflow][INFO] - Assets written to: ./saved_model/my_model/assets
