[2023-05-31 12:38:14,379][tensorflow][INFO] - Unsupported signature for serialization: ((TensorSpec(shape=(3, 3, 3, 32), dtype=tf.float32, name='gradient'), <tensorflow.python.framework.func_graph.UnknownArgument object at 0x7f87dec2e7c0>, 140221534976160), {}).
[2023-05-31 12:38:14,379][tensorflow][INFO] - Unsupported signature for serialization: ((TensorSpec(shape=(32,), dtype=tf.float32, name='gradient'), <tensorflow.python.framework.func_graph.UnknownArgument object at 0x7f87debc70a0>, 140221535458736), {}).
[2023-05-31 12:38:14,379][tensorflow][INFO] - Unsupported signature for serialization: ((TensorSpec(shape=(3, 3, 32, 64), dtype=tf.float32, name='gradient'), <tensorflow.python.framework.func_graph.UnknownArgument object at 0x7f87debe0760>, 140221534750000), {}).
[2023-05-31 12:38:14,379][tensorflow][INFO] - Unsupported signature for serialization: ((TensorSpec(shape=(64,), dtype=tf.float32, name='gradient'), <tensorflow.python.framework.func_graph.UnknownArgument object at 0x7f87debfba30>, 140221534750720), {}).
[2023-05-31 12:38:14,380][tensorflow][INFO] - Unsupported signature for serialization: ((TensorSpec(shape=(3, 3, 64, 128), dtype=tf.float32, name='gradient'), <tensorflow.python.framework.func_graph.UnknownArgument object at 0x7f87deb9ebe0>, 140221534780592), {}).
[2023-05-31 12:38:14,380][tensorflow][INFO] - Unsupported signature for serialization: ((TensorSpec(shape=(128,), dtype=tf.float32, name='gradient'), <tensorflow.python.framework.func_graph.UnknownArgument object at 0x7f87debb3b20>, 140221534780512), {}).
[2023-05-31 12:38:14,380][tensorflow][INFO] - Unsupported signature for serialization: ((TensorSpec(shape=(3, 3, 128, 128), dtype=tf.float32, name='gradient'), <tensorflow.python.framework.func_graph.UnknownArgument object at 0x7f87deb47a00>, 140221534833680), {}).
[2023-05-31 12:38:14,380][tensorflow][INFO] - Unsupported signature for serialization: ((TensorSpec(shape=(128,), dtype=tf.float32, name='gradient'), <tensorflow.python.framework.func_graph.UnknownArgument object at 0x7f87deb5b940>, 140221534833600), {}).
[2023-05-31 12:38:14,380][tensorflow][INFO] - Unsupported signature for serialization: ((TensorSpec(shape=(10368, 512), dtype=tf.float32, name='gradient'), <tensorflow.python.framework.func_graph.UnknownArgument object at 0x7f87deb71820>, 140221535374432), {}).
[2023-05-31 12:38:14,380][tensorflow][INFO] - Unsupported signature for serialization: ((TensorSpec(shape=(512,), dtype=tf.float32, name='gradient'), <tensorflow.python.framework.func_graph.UnknownArgument object at 0x7f87deb04760>, 140221534705520), {}).
[2023-05-31 12:38:14,380][tensorflow][INFO] - Unsupported signature for serialization: ((TensorSpec(shape=(512, 151), dtype=tf.float32, name='gradient'), <tensorflow.python.framework.func_graph.UnknownArgument object at 0x7f87deb1b640>, 140221535372432), {}).
[2023-05-31 12:38:14,381][tensorflow][INFO] - Unsupported signature for serialization: ((TensorSpec(shape=(151,), dtype=tf.float32, name='gradient'), <tensorflow.python.framework.func_graph.UnknownArgument object at 0x7f87deb2f5b0>, 140221535372192), {}).
[2023-05-31 12:38:14,612][tensorflow][INFO] - Unsupported signature for serialization: ((TensorSpec(shape=(3, 3, 3, 32), dtype=tf.float32, name='gradient'), <tensorflow.python.framework.func_graph.UnknownArgument object at 0x7f87dec2e7c0>, 140221534976160), {}).
[2023-05-31 12:38:14,612][tensorflow][INFO] - Unsupported signature for serialization: ((TensorSpec(shape=(32,), dtype=tf.float32, name='gradient'), <tensorflow.python.framework.func_graph.UnknownArgument object at 0x7f87debc70a0>, 140221535458736), {}).
[2023-05-31 12:38:14,612][tensorflow][INFO] - Unsupported signature for serialization: ((TensorSpec(shape=(3, 3, 32, 64), dtype=tf.float32, name='gradient'), <tensorflow.python.framework.func_graph.UnknownArgument object at 0x7f87debe0760>, 140221534750000), {}).
[2023-05-31 12:38:14,613][tensorflow][INFO] - Unsupported signature for serialization: ((TensorSpec(shape=(64,), dtype=tf.float32, name='gradient'), <tensorflow.python.framework.func_graph.UnknownArgument object at 0x7f87debfba30>, 140221534750720), {}).
[2023-05-31 12:38:14,613][tensorflow][INFO] - Unsupported signature for serialization: ((TensorSpec(shape=(3, 3, 64, 128), dtype=tf.float32, name='gradient'), <tensorflow.python.framework.func_graph.UnknownArgument object at 0x7f87deb9ebe0>, 140221534780592), {}).
[2023-05-31 12:38:14,613][tensorflow][INFO] - Unsupported signature for serialization: ((TensorSpec(shape=(128,), dtype=tf.float32, name='gradient'), <tensorflow.python.framework.func_graph.UnknownArgument object at 0x7f87debb3b20>, 140221534780512), {}).
[2023-05-31 12:38:14,613][tensorflow][INFO] - Unsupported signature for serialization: ((TensorSpec(shape=(3, 3, 128, 128), dtype=tf.float32, name='gradient'), <tensorflow.python.framework.func_graph.UnknownArgument object at 0x7f87deb47a00>, 140221534833680), {}).
[2023-05-31 12:38:14,613][tensorflow][INFO] - Unsupported signature for serialization: ((TensorSpec(shape=(128,), dtype=tf.float32, name='gradient'), <tensorflow.python.framework.func_graph.UnknownArgument object at 0x7f87deb5b940>, 140221534833600), {}).
[2023-05-31 12:38:14,613][tensorflow][INFO] - Unsupported signature for serialization: ((TensorSpec(shape=(10368, 512), dtype=tf.float32, name='gradient'), <tensorflow.python.framework.func_graph.UnknownArgument object at 0x7f87deb71820>, 140221535374432), {}).
[2023-05-31 12:38:14,613][tensorflow][INFO] - Unsupported signature for serialization: ((TensorSpec(shape=(512,), dtype=tf.float32, name='gradient'), <tensorflow.python.framework.func_graph.UnknownArgument object at 0x7f87deb04760>, 140221534705520), {}).
[2023-05-31 12:38:14,614][tensorflow][INFO] - Unsupported signature for serialization: ((TensorSpec(shape=(512, 151), dtype=tf.float32, name='gradient'), <tensorflow.python.framework.func_graph.UnknownArgument object at 0x7f87deb1b640>, 140221535372432), {}).
[2023-05-31 12:38:14,614][tensorflow][INFO] - Unsupported signature for serialization: ((TensorSpec(shape=(151,), dtype=tf.float32, name='gradient'), <tensorflow.python.framework.func_graph.UnknownArgument object at 0x7f87deb2f5b0>, 140221535372192), {}).
[2023-05-31 12:38:14,763][absl][WARNING] - Found untraced functions such as _jit_compiled_convolution_op, _jit_compiled_convolution_op, _jit_compiled_convolution_op, _jit_compiled_convolution_op, _update_step_xla while saving (showing 5 of 5). These functions will not be directly callable after loading.
[2023-05-31 12:38:15,374][tensorflow][INFO] - Assets written to: /tmp/tmpobriqvam/model/data/model/assets
[2023-05-31 12:38:37,042][urllib3.connectionpool][WARNING] - Connection pool is full, discarding connection: dbstorage7pnfkqpflmjse.dfs.core.windows.net. Connection pool size: 10
[2023-05-31 12:38:39,236][urllib3.connectionpool][WARNING] - Connection pool is full, discarding connection: dbstorage7pnfkqpflmjse.dfs.core.windows.net. Connection pool size: 10
[2023-05-31 12:39:00,716][urllib3.connectionpool][WARNING] - Connection pool is full, discarding connection: dbstorage7pnfkqpflmjse.dfs.core.windows.net. Connection pool size: 10
[2023-05-31 12:39:02,025][urllib3.connectionpool][WARNING] - Connection pool is full, discarding connection: dbstorage7pnfkqpflmjse.dfs.core.windows.net. Connection pool size: 10
[2023-05-31 12:39:02,041][urllib3.connectionpool][WARNING] - Connection pool is full, discarding connection: dbstorage7pnfkqpflmjse.dfs.core.windows.net. Connection pool size: 10
[2023-05-31 12:39:02,088][urllib3.connectionpool][WARNING] - Connection pool is full, discarding connection: dbstorage7pnfkqpflmjse.dfs.core.windows.net. Connection pool size: 10
[2023-05-31 12:39:02,117][urllib3.connectionpool][WARNING] - Connection pool is full, discarding connection: dbstorage7pnfkqpflmjse.dfs.core.windows.net. Connection pool size: 10
