[2023-05-27 14:55:21,188][tensorflow][WARNING] - Callback method `on_train_batch_end` is slow compared to the batch time (batch time: 0.0404s vs `on_train_batch_end` time: 0.0487s). Check your callbacks.
[2023-05-27 14:57:14,858][tensorflow][INFO] - Unsupported signature for serialization: ((TensorSpec(shape=(3, 3, 3, 64), dtype=tf.float32, name='gradient'), <tensorflow.python.framework.func_graph.UnknownArgument object at 0x7f1c006b4e80>, 139758239736736), {}).
[2023-05-27 14:57:14,859][tensorflow][INFO] - Unsupported signature for serialization: ((TensorSpec(shape=(64,), dtype=tf.float32, name='gradient'), <tensorflow.python.framework.func_graph.UnknownArgument object at 0x7f1c006b20a0>, 139758239739456), {}).
[2023-05-27 14:57:14,859][tensorflow][INFO] - Unsupported signature for serialization: ((TensorSpec(shape=(3, 3, 64, 32), dtype=tf.float32, name='gradient'), <tensorflow.python.framework.func_graph.UnknownArgument object at 0x7f1c006af700>, 139761193845744), {}).
[2023-05-27 14:57:14,859][tensorflow][INFO] - Unsupported signature for serialization: ((TensorSpec(shape=(32,), dtype=tf.float32, name='gradient'), <tensorflow.python.framework.func_graph.UnknownArgument object at 0x7f1c0068d3d0>, 139761193847024), {}).
[2023-05-27 14:57:14,859][tensorflow][INFO] - Unsupported signature for serialization: ((TensorSpec(shape=(3, 3, 32, 128), dtype=tf.float32, name='gradient'), <tensorflow.python.framework.func_graph.UnknownArgument object at 0x7f1c005455e0>, 139761196886816), {}).
[2023-05-27 14:57:14,859][tensorflow][INFO] - Unsupported signature for serialization: ((TensorSpec(shape=(128,), dtype=tf.float32, name='gradient'), <tensorflow.python.framework.func_graph.UnknownArgument object at 0x7f1c0055cc40>, 139761196886416), {}).
[2023-05-27 14:57:14,860][tensorflow][INFO] - Unsupported signature for serialization: ((TensorSpec(shape=(3, 3, 128, 128), dtype=tf.float32, name='gradient'), <tensorflow.python.framework.func_graph.UnknownArgument object at 0x7f1c00503fa0>, 139761196885536), {}).
[2023-05-27 14:57:14,860][tensorflow][INFO] - Unsupported signature for serialization: ((TensorSpec(shape=(128,), dtype=tf.float32, name='gradient'), <tensorflow.python.framework.func_graph.UnknownArgument object at 0x7f1c00517c10>, 139761196886576), {}).
[2023-05-27 14:57:14,860][tensorflow][INFO] - Unsupported signature for serialization: ((TensorSpec(shape=(10368, 512), dtype=tf.float32, name='gradient'), <tensorflow.python.framework.func_graph.UnknownArgument object at 0x7f1c00531610>, 139761196529104), {}).
[2023-05-27 14:57:14,860][tensorflow][INFO] - Unsupported signature for serialization: ((TensorSpec(shape=(512,), dtype=tf.float32, name='gradient'), <tensorflow.python.framework.func_graph.UnknownArgument object at 0x7f1c004f2910>, 139761196531184), {}).
[2023-05-27 14:57:14,860][tensorflow][INFO] - Unsupported signature for serialization: ((TensorSpec(shape=(512, 151), dtype=tf.float32, name='gradient'), <tensorflow.python.framework.func_graph.UnknownArgument object at 0x7f1c007a9ca0>, 139761193874736), {}).
[2023-05-27 14:57:14,860][tensorflow][INFO] - Unsupported signature for serialization: ((TensorSpec(shape=(151,), dtype=tf.float32, name='gradient'), <tensorflow.python.framework.func_graph.UnknownArgument object at 0x7f1c004bc580>, 139761193874896), {}).
[2023-05-27 14:57:15,209][tensorflow][INFO] - Unsupported signature for serialization: ((TensorSpec(shape=(3, 3, 3, 64), dtype=tf.float32, name='gradient'), <tensorflow.python.framework.func_graph.UnknownArgument object at 0x7f1c006b4e80>, 139758239736736), {}).
[2023-05-27 14:57:15,209][tensorflow][INFO] - Unsupported signature for serialization: ((TensorSpec(shape=(64,), dtype=tf.float32, name='gradient'), <tensorflow.python.framework.func_graph.UnknownArgument object at 0x7f1c006b20a0>, 139758239739456), {}).
[2023-05-27 14:57:15,210][tensorflow][INFO] - Unsupported signature for serialization: ((TensorSpec(shape=(3, 3, 64, 32), dtype=tf.float32, name='gradient'), <tensorflow.python.framework.func_graph.UnknownArgument object at 0x7f1c006af700>, 139761193845744), {}).
[2023-05-27 14:57:15,210][tensorflow][INFO] - Unsupported signature for serialization: ((TensorSpec(shape=(32,), dtype=tf.float32, name='gradient'), <tensorflow.python.framework.func_graph.UnknownArgument object at 0x7f1c0068d3d0>, 139761193847024), {}).
[2023-05-27 14:57:15,210][tensorflow][INFO] - Unsupported signature for serialization: ((TensorSpec(shape=(3, 3, 32, 128), dtype=tf.float32, name='gradient'), <tensorflow.python.framework.func_graph.UnknownArgument object at 0x7f1c005455e0>, 139761196886816), {}).
[2023-05-27 14:57:15,210][tensorflow][INFO] - Unsupported signature for serialization: ((TensorSpec(shape=(128,), dtype=tf.float32, name='gradient'), <tensorflow.python.framework.func_graph.UnknownArgument object at 0x7f1c0055cc40>, 139761196886416), {}).
[2023-05-27 14:57:15,210][tensorflow][INFO] - Unsupported signature for serialization: ((TensorSpec(shape=(3, 3, 128, 128), dtype=tf.float32, name='gradient'), <tensorflow.python.framework.func_graph.UnknownArgument object at 0x7f1c00503fa0>, 139761196885536), {}).
[2023-05-27 14:57:15,210][tensorflow][INFO] - Unsupported signature for serialization: ((TensorSpec(shape=(128,), dtype=tf.float32, name='gradient'), <tensorflow.python.framework.func_graph.UnknownArgument object at 0x7f1c00517c10>, 139761196886576), {}).
[2023-05-27 14:57:15,210][tensorflow][INFO] - Unsupported signature for serialization: ((TensorSpec(shape=(10368, 512), dtype=tf.float32, name='gradient'), <tensorflow.python.framework.func_graph.UnknownArgument object at 0x7f1c00531610>, 139761196529104), {}).
[2023-05-27 14:57:15,211][tensorflow][INFO] - Unsupported signature for serialization: ((TensorSpec(shape=(512,), dtype=tf.float32, name='gradient'), <tensorflow.python.framework.func_graph.UnknownArgument object at 0x7f1c004f2910>, 139761196531184), {}).
[2023-05-27 14:57:15,211][tensorflow][INFO] - Unsupported signature for serialization: ((TensorSpec(shape=(512, 151), dtype=tf.float32, name='gradient'), <tensorflow.python.framework.func_graph.UnknownArgument object at 0x7f1c007a9ca0>, 139761193874736), {}).
[2023-05-27 14:57:15,211][tensorflow][INFO] - Unsupported signature for serialization: ((TensorSpec(shape=(151,), dtype=tf.float32, name='gradient'), <tensorflow.python.framework.func_graph.UnknownArgument object at 0x7f1c004bc580>, 139761193874896), {}).
[2023-05-27 14:57:15,424][absl][WARNING] - Found untraced functions such as _jit_compiled_convolution_op, _jit_compiled_convolution_op, _jit_compiled_convolution_op, _jit_compiled_convolution_op, _update_step_xla while saving (showing 5 of 5). These functions will not be directly callable after loading.
[2023-05-27 14:57:16,245][tensorflow][INFO] - Assets written to: /tmp/tmptuso6vpn/model/data/model/assets
[2023-05-27 14:57:37,715][urllib3.connectionpool][WARNING] - Connection pool is full, discarding connection: dbstorage7pnfkqpflmjse.dfs.core.windows.net. Connection pool size: 10
[2023-05-27 14:57:48,197][urllib3.connectionpool][WARNING] - Connection pool is full, discarding connection: dbstorage7pnfkqpflmjse.dfs.core.windows.net. Connection pool size: 10
[2023-05-27 14:57:48,203][urllib3.connectionpool][WARNING] - Connection pool is full, discarding connection: dbstorage7pnfkqpflmjse.dfs.core.windows.net. Connection pool size: 10
[2023-05-27 14:57:48,213][urllib3.connectionpool][WARNING] - Connection pool is full, discarding connection: dbstorage7pnfkqpflmjse.dfs.core.windows.net. Connection pool size: 10
[2023-05-27 14:57:48,219][urllib3.connectionpool][WARNING] - Connection pool is full, discarding connection: dbstorage7pnfkqpflmjse.dfs.core.windows.net. Connection pool size: 10
[2023-05-27 14:57:48,237][urllib3.connectionpool][WARNING] - Connection pool is full, discarding connection: dbstorage7pnfkqpflmjse.dfs.core.windows.net. Connection pool size: 10
[2023-05-27 14:57:48,244][urllib3.connectionpool][WARNING] - Connection pool is full, discarding connection: dbstorage7pnfkqpflmjse.dfs.core.windows.net. Connection pool size: 10
